#
# There is insufficient memory for the Java Runtime Environment to continue.
# Native memory allocation (mmap) failed to map 266338304 bytes for G1 virtual space
# Possible reasons:
#   The system is out of physical RAM or swap space
#   The process is running with CompressedOops enabled, and the Java Heap may be blocking the growth of the native heap
# Possible solutions:
#   Reduce memory load on the system
#   Increase physical memory or swap space
#   Check if swap backing store is full
#   Decrease Java heap size (-Xmx/-Xms)
#   Decrease number of Java threads
#   Decrease Java thread stack sizes (-Xss)
#   Set larger code cache with -XX:ReservedCodeCacheSize=
#   JVM is running with Zero Based Compressed Oops mode in which the Java heap is
#     placed in the first 32GB address space. The Java Heap base address is the
#     maximum limit for the native heap growth. Please use -XX:HeapBaseMinAddress
#     to set the Java Heap base and to place the Java Heap above 32GB virtual address.
# This output file may be truncated or incomplete.
#
#  Out of Memory Error (os_windows.cpp:3532), pid=16160, tid=15144
#
# JRE version:  (17.0.2+8) (build )
# Java VM: Java HotSpot(TM) 64-Bit Server VM (17.0.2+8-LTS-86, mixed mode, sharing, tiered, compressed oops, compressed class ptrs, g1 gc, windows-amd64)
# No core dump will be written. Minidumps are not enabled by default on client versions of Windows
#

---------------  S U M M A R Y ------------

Command Line: -Dfile.encoding=MS949 --module-path=C:\Eclipsxxx\programddarahagi\bin -XX:+ShowCodeDetailsInExceptionMessages -Djdk.module.main=programddarahagi programddarahagi/programddarahagi.problem2

Host: Intel(R) Core(TM) i7-9750H CPU @ 2.60GHz, 12 cores, 15G,  Windows 11 , 64 bit Build 22000 (10.0.22000.434)
Time: Thu Mar  3 11:49:55 2022  Windows 11 , 64 bit Build 22000 (10.0.22000.434) elapsed time: 0.016956 seconds (0d 0h 0m 0s)

---------------  T H R E A D  ---------------

Current thread (0x000002281a25dc40):  JavaThread "Unknown thread" [_thread_in_vm, id=15144, stack(0x00000056bb700000,0x00000056bb800000)]

Stack: [0x00000056bb700000,0x00000056bb800000]
Native frames: (J=compiled Java code, j=interpreted, Vv=VM code, C=native code)
V  [jvm.dll+0x670baa]
V  [jvm.dll+0x7cfcb4]
V  [jvm.dll+0x7d145e]
V  [jvm.dll+0x7d1ac3]
V  [jvm.dll+0x242bc5]
V  [jvm.dll+0x66dac9]
V  [jvm.dll+0x662412]
V  [jvm.dll+0x300c0b]
V  [jvm.dll+0x3081a6]
V  [jvm.dll+0x357d0e]
V  [jvm.dll+0x357f3f]
V  [jvm.dll+0x2d7ec8]
V  [jvm.dll+0x2d8e34]
V  [jvm.dll+0x7a18c1]
V  [jvm.dll+0x365a91]
V  [jvm.dll+0x780d2c]
V  [jvm.dll+0x3e845f]
V  [jvm.dll+0x3e9f01]
C  [jli.dll+0x527b]
C  [ucrtbase.dll+0x26c0c]
C  [KERNEL32.DLL+0x154e0]
C  [ntdll.dll+0x485b]


---------------  P R O C E S S  ---------------

Threads class SMR info:
_java_thread_list=0x00007ff864fb9858, length=0, elements={
}

Java Threads: ( => current thread )

Other Threads:
  0x000002281a2ad6e0 GCTaskThread "GC Thread#0" [stack: 0x00000056bb800000,0x00000056bb900000] [id=364]
  0x000002281a2bea60 ConcurrentGCThread "G1 Main Marker" [stack: 0x00000056bb900000,0x00000056bba00000] [id=17116]
  0x000002281a2bf380 ConcurrentGCThread "G1 Conc#0" [stack: 0x00000056bba00000,0x00000056bbb00000] [id=20116]

[error occurred during error reporting (printing all threads), id 0xc0000005, EXCEPTION_ACCESS_VIOLATION (0xc0000005) at pc=0x00007ff8648088a7]

VM state: not at safepoint (not fully initialized)

VM Mutex/Monitor currently owned by a thread:  ([mutex/lock_event])
[0x000002281a2585e0] Heap_lock - owner thread: 0x000002281a25dc40

Heap address: 0x0000000702600000, size: 4058 MB, Compressed Oops mode: Zero based, Oop shift amount: 3

CDS archive(s) mapped at: [0x0000000000000000-0x0000000000000000-0x0000000000000000), size 0, SharedBaseAddress: 0x0000000800000000, ArchiveRelocationMode: 0.
Narrow klass base: 0x0000000000000000, Narrow klass shift: 0, Narrow klass range: 0x0

GC Precious Log:
<Empty>

Heap:
 garbage-first heap   total 0K, used 0K [0x0000000702600000, 0x0000000800000000)
  region size 2048K, 0 young (0K), 0 survivors (0K)

[error occurred during error reporting (printing heap information), id 0xc0000005, EXCEPTION_ACCESS_VIOLATION (0xc0000005) at pc=0x00007ff864be9f19]

GC Heap History (0 events):
No events

Deoptimization events (0 events):
No events

Classes unloaded (0 events):
No events

Classes redefined (0 events):
No events

Internal exceptions (0 events):
No events

VM Operations (0 events):
No events

Events (1 events):
Event: 0.012 Loaded shared library C:\Program Files\Java\jdk-17.0.2\bin\java.dll


Dynamic libraries:
0x00007ff7f8050000 - 0x00007ff7f8060000 	C:\Program Files\Java\jdk-17.0.2\bin\javaw.exe
0x00007ff8a7260000 - 0x00007ff8a7469000 	C:\WINDOWS\SYSTEM32\ntdll.dll
0x00007ff8a5f80000 - 0x00007ff8a603d000 	C:\WINDOWS\System32\KERNEL32.DLL
0x00007ff8a4af0000 - 0x00007ff8a4e64000 	C:\WINDOWS\System32\KERNELBASE.dll
0x00007ff8a4750000 - 0x00007ff8a4861000 	C:\WINDOWS\System32\ucrtbase.dll
0x00007ff899b00000 - 0x00007ff899b18000 	C:\Program Files\Java\jdk-17.0.2\bin\jli.dll
0x00007ff8a6ef0000 - 0x00007ff8a6f9e000 	C:\WINDOWS\System32\ADVAPI32.dll
0x00007ff8a69c0000 - 0x00007ff8a6a63000 	C:\WINDOWS\System32\msvcrt.dll
0x00007ff8a6fa0000 - 0x00007ff8a703e000 	C:\WINDOWS\System32\sechost.dll
0x00007ff899940000 - 0x00007ff89995a000 	C:\Program Files\Java\jdk-17.0.2\bin\VCRUNTIME140.dll
0x00007ff8a57a0000 - 0x00007ff8a58c0000 	C:\WINDOWS\System32\RPCRT4.dll
0x00007ff8a5310000 - 0x00007ff8a54bc000 	C:\WINDOWS\System32\USER32.dll
0x00007ff8a4ef0000 - 0x00007ff8a4f16000 	C:\WINDOWS\System32\win32u.dll
0x00007ff8a59b0000 - 0x00007ff8a59d9000 	C:\WINDOWS\System32\GDI32.dll
0x00007ff8a4fe0000 - 0x00007ff8a50f2000 	C:\WINDOWS\System32\gdi32full.dll
0x00007ff880bc0000 - 0x00007ff880e65000 	C:\WINDOWS\WinSxS\amd64_microsoft.windows.common-controls_6595b64144ccf1df_6.0.22000.120_none_9d947278b86cc467\COMCTL32.dll
0x00007ff8a49e0000 - 0x00007ff8a4a7d000 	C:\WINDOWS\System32\msvcp_win.dll
0x00007ff89d800000 - 0x00007ff89d80a000 	C:\WINDOWS\SYSTEM32\VERSION.dll
0x00007ff8a54d0000 - 0x00007ff8a5501000 	C:\WINDOWS\System32\IMM32.DLL
0x00007ff8a1270000 - 0x00007ff8a127c000 	C:\Program Files\Java\jdk-17.0.2\bin\vcruntime140_1.dll
0x00007ff893650000 - 0x00007ff8936dd000 	C:\Program Files\Java\jdk-17.0.2\bin\msvcp140.dll
0x00007ff864520000 - 0x00007ff8650e1000 	C:\Program Files\Java\jdk-17.0.2\bin\server\jvm.dll
0x00007ff8a6ec0000 - 0x00007ff8a6ec8000 	C:\WINDOWS\System32\PSAPI.DLL
0x00007ff892e20000 - 0x00007ff892e29000 	C:\WINDOWS\SYSTEM32\WSOCK32.dll
0x00007ff8a0610000 - 0x00007ff8a0643000 	C:\WINDOWS\SYSTEM32\WINMM.dll
0x00007ff8a5100000 - 0x00007ff8a516f000 	C:\WINDOWS\System32\WS2_32.dll
0x00007ff8a3850000 - 0x00007ff8a3868000 	C:\WINDOWS\SYSTEM32\kernel.appcore.dll
0x00007ff8a1250000 - 0x00007ff8a125a000 	C:\Program Files\Java\jdk-17.0.2\bin\jimage.dll
0x00007ff8937d0000 - 0x00007ff8939f1000 	C:\WINDOWS\SYSTEM32\DBGHELP.DLL
0x00007ff88fdc0000 - 0x00007ff88fdf1000 	C:\WINDOWS\SYSTEM32\dbgcore.DLL
0x00007ff8a4e70000 - 0x00007ff8a4eef000 	C:\WINDOWS\System32\bcryptPrimitives.dll
0x00007ff899910000 - 0x00007ff899935000 	C:\Program Files\Java\jdk-17.0.2\bin\java.dll

dbghelp: loaded successfully - version: 4.0.5 - missing functions: none
symbol engine: initialized successfully - sym options: 0x614 - pdb path: .;C:\Program Files\Java\jdk-17.0.2\bin;C:\WINDOWS\SYSTEM32;C:\WINDOWS\WinSxS\amd64_microsoft.windows.common-controls_6595b64144ccf1df_6.0.22000.120_none_9d947278b86cc467;C:\Program Files\Java\jdk-17.0.2\bin\server

VM Arguments:
jvm_args: -Dfile.encoding=MS949 --module-path=C:\Eclipsxxx\programddarahagi\bin -XX:+ShowCodeDetailsInExceptionMessages -Djdk.module.main=programddarahagi 
java_command: programddarahagi/programddarahagi.problem2
java_class_path (initial): <not set>
Launcher Type: SUN_STANDARD

[Global flags]
     intx CICompilerCount                          = 4                                         {product} {ergonomic}
     uint ConcGCThreads                            = 3                                         {product} {ergonomic}
     uint G1ConcRefinementThreads                  = 10                                        {product} {ergonomic}
   size_t G1HeapRegionSize                         = 2097152                                   {product} {ergonomic}
    uintx GCDrainStackTargetSize                   = 64                                        {product} {ergonomic}
   size_t InitialHeapSize                          = 266338304                                 {product} {ergonomic}
   size_t MarkStackSize                            = 4194304                                   {product} {ergonomic}
   size_t MaxHeapSize                              = 4255121408                                {product} {ergonomic}
   size_t MinHeapDeltaBytes                        = 2097152                                   {product} {ergonomic}
   size_t MinHeapSize                              = 8388608                                   {product} {ergonomic}
    uintx NonNMethodCodeHeapSize                   = 5839372                                {pd product} {ergonomic}
    uintx NonProfiledCodeHeapSize                  = 122909434                              {pd product} {ergonomic}
    uintx ProfiledCodeHeapSize                     = 122909434                              {pd product} {ergonomic}
    uintx ReservedCodeCacheSize                    = 251658240                              {pd product} {ergonomic}
     bool SegmentedCodeCache                       = true                                      {product} {ergonomic}
     bool ShowCodeDetailsInExceptionMessages       = true                                   {manageable} {command line}
   size_t SoftMaxHeapSize                          = 4255121408                             {manageable} {ergonomic}
     bool UseCompressedClassPointers               = true                           {product lp64_product} {ergonomic}
     bool UseCompressedOops                        = true                           {product lp64_product} {ergonomic}
     bool UseG1GC                                  = true                                      {product} {ergonomic}
     bool UseLargePagesIndividualAllocation        = false                                  {pd product} {ergonomic}

Logging:
Log output configuration:
 #0: stdout all=warning uptime,level,tags
 #1: stderr all=off uptime,level,tags

Environment Variables:
JAVA_HOME=C:\Program Files\Java\jdk-17.0.2
PATH=C:\Program Files\Common Files\Oracle\Java\javapath;C:\WINDOWS\system32;C:\WINDOWS;C:\WINDOWS\System32\Wbem;C:\WINDOWS\System32\WindowsPowerShell\v1.0\;C:\WINDOWS\System32\OpenSSH\;C:\Program Files (x86)\Windows Live\Shared;C:\PROGRA~2\PICC;C:\WINDOWS\system32;C:\WINDOWS;C:\WINDOWS\System32\Wbem;C:\WINDOWS\System32\WindowsPowerShell\v1.0\;C:\WINDOWS\System32\OpenSSH\;C:\Program Files\Java\jdk-17.0.2\bin;C:\OrCAD\OrCAD_16.6_Lite\tools\pcb\bin;C:\OrCAD\OrCAD_16.6_Lite\tools\fet\bin;C:\OrCAD\OrCAD_16.6_Lite\OpenAccess\bin\win32\opt;C:\OrCAD\OrCAD_16.6_Lite\tools\bin;C:\OrCAD\OrCAD_16.6_Lite\tools\Capture;C:\OrCAD\OrCAD_16.6_Lite\tools\PSpice;C:\Users\noooo\AppData\Local\Microsoft\WindowsApps;C:\Program Files\Bandizip\;
USERNAME=noooo
OS=Windows_NT
PROCESSOR_IDENTIFIER=Intel64 Family 6 Model 158 Stepping 10, GenuineIntel



---------------  S Y S T E M  ---------------

OS:
 Windows 11 , 64 bit Build 22000 (10.0.22000.434)
OS uptime: 18 days 21:38 hours

CPU: total 12 (initial active 12) (6 cores per cpu, 2 threads per core) family 6 model 158 stepping 10 microcode 0xde, cx8, cmov, fxsr, ht, mmx, 3dnowpref, sse, sse2, sse3, ssse3, sse4.1, sse4.2, popcnt, lzcnt, tsc, tscinvbit, avx, avx2, aes, erms, clmul, bmi1, bmi2, adx, fma, vzeroupper, clflush, clflushopt

Memory: 4k page, system-wide physical 16225M (2527M free)
TotalPageFile size 65377M (AvailPageFile size 184M)
current process WorkingSet (physical memory assigned to process): 10M, peak: 10M
current process commit charge ("private bytes"): 64M, peak: 318M

vm_info: Java HotSpot(TM) 64-Bit Server VM (17.0.2+8-LTS-86) for windows-amd64 JRE (17.0.2+8-LTS-86), built on Dec  7 2021 21:51:03 by "mach5one" with MS VC++ 16.8 / 16.9 (VS2019)

END.
